<?xml version="1.0" encoding="UTF-8"?>
<testng-results ignored="0" total="1" passed="1" failed="0" skipped="0">
  <reporter-output>
  </reporter-output>
  <suite started-at="2024-05-06T16:33:28 IST" name="Default suite" finished-at="2024-05-06T16:34:04 IST" duration-ms="35819">
    <groups>
    </groups>
    <test started-at="2024-05-06T16:33:28 IST" name="Default test" finished-at="2024-05-06T16:34:04 IST" duration-ms="35819">
      <class name="Basic.MyScript">
        <test-method signature="test()[pri:0, instance:Basic.MyScript@2a54a73f]" started-at="2024-05-06T16:33:29 IST" name="test" finished-at="2024-05-06T16:34:04 IST" duration-ms="35729" status="PASS">
          <reporter-output>
          </reporter-output>
        </test-method> <!-- test -->
      </class> <!-- Basic.MyScript -->
    </test> <!-- Default test -->
  </suite> <!-- Default suite -->
</testng-results>
